<?xml version="1.0" encoding="UTF-8"?>
<testng-results ignored="0" total="1" passed="1" failed="0" skipped="0">
  <reporter-output>
  </reporter-output>
  <suite started-at="2021-05-08T08:21:55 IST" name="InetBanking" finished-at="2021-05-08T08:22:12 IST" duration-ms="17746">
    <groups>
    </groups>
    <test started-at="2021-05-08T08:21:55 IST" name="BankingApp Test" finished-at="2021-05-08T08:22:12 IST" duration-ms="17746">
      <class name="com.InetBanking.TestCases.TC_LoginTest_001">
        <test-method is-config="true" signature="setup(java.lang.String)[pri:0, instance:com.InetBanking.TestCases.TC_LoginTest_001@75db5df9]" started-at="2021-05-08T08:21:55 IST" name="setup" finished-at="2021-05-08T08:22:04 IST" duration-ms="8961" status="PASS">
          <params>
            <param index="0">
              <value>
                <![CDATA[chrome]]>
              </value>
            </param>
          </params>
          <reporter-output>
          </reporter-output>
        </test-method> <!-- setup -->
        <test-method signature="loginTest()[pri:0, instance:com.InetBanking.TestCases.TC_LoginTest_001@75db5df9]" started-at="2021-05-08T08:22:04 IST" name="loginTest" finished-at="2021-05-08T08:22:11 IST" duration-ms="7568" status="PASS">
          <reporter-output>
          </reporter-output>
        </test-method> <!-- loginTest -->
        <test-method is-config="true" signature="teardown()[pri:0, instance:com.InetBanking.TestCases.TC_LoginTest_001@75db5df9]" started-at="2021-05-08T08:22:12 IST" name="teardown" finished-at="2021-05-08T08:22:12 IST" duration-ms="743" status="PASS">
          <reporter-output>
          </reporter-output>
        </test-method> <!-- teardown -->
      </class> <!-- com.InetBanking.TestCases.TC_LoginTest_001 -->
    </test> <!-- BankingApp Test -->
  </suite> <!-- InetBanking -->
</testng-results>
